<?xml version="1.0" encoding="UTF-8"?>
<!-- Generated by org.testng.reporters.JUnitReportReporter -->
<testsuite hostname="DESKTOP-UUIRUDM" failures="0" tests="1" name="string.Programs.FindDuplicates" time="0.010" errors="0" timestamp="2022-07-08T20:41:03 IST" skipped="0">
  <testcase classname="string.Programs.FindDuplicates" name="dupliAdd" time="0.010"/>
  <system-out/>
</testsuite> <!-- string.Programs.FindDuplicates -->
