<?xml version="1.0" encoding="UTF-8"?>
<!-- Generated by org.testng.reporters.JUnitReportReporter -->
<testsuite hostname="LAPTOP-NGUOAT55" failures="0" tests="2" name="com.project.api.tests.GetListOfUsersAPI" time="1.235" errors="0" timestamp="2022-06-17T08:41:18 IST" skipped="0">
  <testcase classname="com.project.api.tests.GetListOfUsersAPI" name="getSingleUserAPI" time="1.130"/>
  <system-out/>
  <testcase classname="com.project.api.tests.GetListOfUsersAPI" name="getUserListAPI" time="0.105"/>
  <system-out/>
</testsuite> <!-- com.project.api.tests.GetListOfUsersAPI -->
