<?xml version="1.0" encoding="UTF-8"?>
<!-- Generated by org.testng.reporters.JUnitReportReporter -->
<testsuite hostname="DESKTOP-UUIRUDM" failures="0" tests="1" name="string.Programs.ToatlWhiteSpaces" time="0.015" errors="0" timestamp="2022-07-08T20:39:46 IST" skipped="0">
  <testcase classname="string.Programs.ToatlWhiteSpaces" name="whiteSpaceCount" time="0.015"/>
  <system-out/>
</testsuite> <!-- string.Programs.ToatlWhiteSpaces -->
