<?xml version="1.0" encoding="UTF-8"?>
<!-- Generated by org.testng.reporters.JUnitReportReporter -->
<testsuite hostname="DESKTOP-UUIRUDM" failures="0" tests="1" name="string.Programs.SwapWords" time="0.012" errors="0" timestamp="2022-07-08T20:45:36 IST" skipped="0">
  <testcase classname="string.Programs.SwapWords" name="swap" time="0.012"/>
  <system-out/>
</testsuite> <!-- string.Programs.SwapWords -->
